"../../../../../../Users/glsha/Desktop/Unreal Engine/Repositories/S13_Xordia/Content/Eye_Color.uasset" 0
"../../../../../../Users/glsha/Desktop/Unreal Engine/Repositories/S13_Xordia/Content/Material_001.uasset" 1
"../../../../../../Users/glsha/Desktop/Unreal Engine/Repositories/S13_Xordia/Content/NewPoseAsset.uasset" 2
"../../../../../../Users/glsha/Desktop/Unreal Engine/Repositories/S13_Xordia/Content/XordiaGameInstance.uasset" 3
"../../../../../../Users/glsha/Desktop/Unreal Engine/Repositories/S13_Xordia/Content/Fonts/Archivo-Medium.uasset" 4
"../../../../../../Users/glsha/Desktop/Unreal Engine/Repositories/S13_Xordia/Content/Fonts/BAHNSCHRIFT.uasset" 5
"../../../../../../Users/glsha/Desktop/Unreal Engine/Repositories/S13_Xordia/Content/Fonts/BAHNSCHRIFT_Font.uasset" 6
"../../../../../../Users/glsha/Desktop/Unreal Engine/Repositories/S13_Xordia/Content/Fonts/Capture_it.uasset" 7
"../../../../../../Users/glsha/Desktop/Unreal Engine/Repositories/S13_Xordia/Content/Fonts/After_Shok.uasset" 8
"../../../../../../Users/glsha/Desktop/Unreal Engine/Repositories/S13_Xordia/Content/Fonts/Font.uasset" 9
"../../../../../../Users/glsha/Desktop/Unreal Engine/Repositories/S13_Xordia/Content/Fonts/JosefinSans-Bold.uasset" 10
"../../../../../../Users/glsha/Desktop/Unreal Engine/Repositories/S13_Xordia/Content/Fonts/JosefinSans-Light.uasset" 11
"../../../../../../Users/glsha/Desktop/Unreal Engine/Repositories/S13_Xordia/Content/Fonts/Quicksand-Light.uasset" 12
"../../../../../../Users/glsha/Desktop/Unreal Engine/Repositories/S13_Xordia/Content/Fonts/SF_Archery_Black.uasset" 13
"../../../../../../Users/glsha/Desktop/Unreal Engine/Repositories/S13_Xordia/Content/Items/Mobility/Hover/ThrusterMK1.uasset" 14
"../../../../../../Users/glsha/Desktop/Unreal Engine/Repositories/S13_Xordia/Content/Items/Mobility/Hover/Thunsher.uasset" 15
"../../../../../../Users/glsha/Desktop/Unreal Engine/Repositories/S13_Xordia/Content/Items/Mobility/Hover/UWULauncher.uasset" 16
"../../../../../../Users/glsha/Desktop/Unreal Engine/Repositories/S13_Xordia/Content/Items/Structure/Armoured/SuppressorMK1.uasset" 17
"../../../../../../Users/glsha/Desktop/Unreal Engine/Repositories/S13_Xordia/Content/Items/Structure/Armoured/SuppressorMK1_2.uasset" 18
"../../../../../../Users/glsha/Desktop/Unreal Engine/Repositories/S13_Xordia/Content/Items/Structure/Armoured/SuppressorMK1_3.uasset" 19
"../../../../../../Users/glsha/Desktop/Unreal Engine/Repositories/S13_Xordia/Content/Items/Structure/Armoured/SuppressorMK1_4.uasset" 20
"../../../../../../Users/glsha/Desktop/Unreal Engine/Repositories/S13_Xordia/Content/Items/Structure/Armoured/SuppressorMK2.uasset" 21
"../../../../../../Users/glsha/Desktop/Unreal Engine/Repositories/S13_Xordia/Content/Items/Structure/Armoured/SuppressorMK2_2.uasset" 22
"../../../../../../Users/glsha/Desktop/Unreal Engine/Repositories/S13_Xordia/Content/Items/Structure/Armoured/SuppressorMK2_3.uasset" 23
"../../../../../../Users/glsha/Desktop/Unreal Engine/Repositories/S13_Xordia/Content/Items/Structure/Armoured/SuppressorMK2_4.uasset" 24
"../../../../../../Users/glsha/Desktop/Unreal Engine/Repositories/S13_Xordia/Content/Items/Structure/Armoured/SuppressorMK2_5.uasset" 25
"../../../../../../Users/glsha/Desktop/Unreal Engine/Repositories/S13_Xordia/Content/Items/Structure/Armoured/SuppressorMK2_6.uasset" 26
"../../../../../../Users/glsha/Desktop/Unreal Engine/Repositories/S13_Xordia/Content/Items/Structure/Armoured/SuppressorMK2_7.uasset" 27
"../../../../../../Users/glsha/Desktop/Unreal Engine/Repositories/S13_Xordia/Content/Items/Structure/Armoured/SuppressorMK2_8.uasset" 28
"../../../../../../Users/glsha/Desktop/Unreal Engine/Repositories/S13_Xordia/Content/Items/Structure/Light/LightCubeMK1.uasset" 29
"../../../../../../Users/glsha/Desktop/Unreal Engine/Repositories/S13_Xordia/Content/Items/Structure/Light/LightCubeMK2.uasset" 30
"../../../../../../Users/glsha/Desktop/Unreal Engine/Repositories/S13_Xordia/Content/Levels/MapSelection_WBP.uasset" 31
"../../../Engine/Content/Functions/Engine_MaterialFunctions01/Density/ExponentialDensity.uasset" 32
"../../../Engine/Content/Functions/Engine_MaterialFunctions01/Gradient/RadialGradientExponential.uasset" 33
"../../../../../../Users/glsha/Desktop/Unreal Engine/Repositories/S13_Xordia/Content/Levels/Mat_Rain.uasset" 34
"../../../../../../Users/glsha/Desktop/Unreal Engine/Repositories/S13_Xordia/Content/Levels/Rain_PS.uasset" 35
"../../../../../../Users/glsha/Desktop/Unreal Engine/Repositories/S13_Xordia/Content/Levels/Geometry/Blueprint_Texture.uasset" 36
"../../../../../../Users/glsha/Desktop/Unreal Engine/Repositories/S13_Xordia/Content/Levels/Geometry/Meshes/CubeMaterial.uasset" 37
"../../../../../../Users/glsha/Desktop/Unreal Engine/Repositories/S13_Xordia/Content/Levels/Geometry/Meshes/1M_Cube.uasset" 38
"../../../../../../Users/glsha/Desktop/Unreal Engine/Repositories/S13_Xordia/Content/Levels/Geometry/MovingObject_BP.uasset" 39
"../../../../../../Users/glsha/Desktop/Unreal Engine/Repositories/S13_Xordia/Content/Levels/Geometry/PressurePlate_BP.uasset" 40
"../../../Engine/Content/Functions/Engine_MaterialFunctions01/Opacity/CameraDepthFade.uasset" 41
"../../../Engine/Content/EngineMaterials/T_Default_Material_Grid_M.uasset" 42
"../../../Engine/Content/EngineMaterials/T_Default_Material_Grid_N.uasset" 43
"../../../Engine/Content/EngineMaterials/WorldGridMaterial.uasset" 44
"../../../../../../Users/glsha/Desktop/Unreal Engine/Repositories/S13_Xordia/Content/Levels/Geometry/Sphere.uasset" 45
"../../../../../../Users/glsha/Desktop/Unreal Engine/Repositories/S13_Xordia/Content/Levels/Geometry/Meshes/TemplateFloor.uasset" 46
"../../../../../../Users/glsha/Desktop/Unreal Engine/Repositories/S13_Xordia/Content/Levels/MapThumbnails/Level1.uasset" 47
"../../../../../../Users/glsha/Desktop/Unreal Engine/Repositories/S13_Xordia/Content/Levels/MapThumbnails/Level2.uasset" 48
"../../../Engine/Content/Functions/Engine_MaterialFunctions01/SpeedTree/SpeedTreeColorVariation.uasset" 49
"../../../Engine/Content/Functions/Engine_MaterialFunctions01/WorldPositionOffset/SimpleGrassWind.uasset" 50
"../../../Engine/Content/Functions/Engine_MaterialFunctions02/Math/MultiplyAdd.uasset" 51
"../../../Engine/Content/Functions/Engine_MaterialFunctions02/Utility/MakeFloat2.uasset" 52
"../../../Engine/Content/EngineMaterials/DefaultDiffuse.uasset" 53
"../../../Engine/Content/EngineMaterials/DefaultNormal.uasset" 54
"../../../Engine/Content/EngineMaterials/DefaultWhiteGrid.uasset" 55
"../../../../../../Users/glsha/Desktop/Unreal Engine/Repositories/S13_Xordia/Content/Megascans/Master_Materials/Atlas_MasterMaterial.uasset" 56
"../../../Engine/Content/EngineMaterials/BlendFunc_DefBase.uasset" 57
"../../../Engine/Content/EngineMaterials/BlendFunc_DefBlend.uasset" 58
"../../../Engine/Content/Functions/Engine_MaterialFunctions03/Blends/Blend_Overlay.uasset" 59
"../../../../../../Users/glsha/Desktop/Unreal Engine/Repositories/S13_Xordia/Content/Megascans/Master_Materials/BrushDecal_MasterMaterial.uasset" 60
"../../../../../../Users/glsha/Desktop/Unreal Engine/Repositories/S13_Xordia/Content/Megascans/Master_Materials/ChannelPackingSample.uasset" 61
"../../../../../../Users/glsha/Desktop/Unreal Engine/Repositories/S13_Xordia/Content/Megascans/Master_Materials/Decal_MasterMaterial.uasset" 62
"../../../../../../Users/glsha/Desktop/Unreal Engine/Repositories/S13_Xordia/Content/Megascans/Master_Materials/Displacement_MasterMaterial.uasset" 63
"../../../../../../Users/glsha/Desktop/Unreal Engine/Repositories/S13_Xordia/Content/Megascans/Master_Materials/Foliage_MasterMaterial.uasset" 64
"../../../../../../Users/glsha/Desktop/Unreal Engine/Repositories/S13_Xordia/Content/Megascans/Master_Materials/Imperfection_MasterMaterial.uasset" 65
"../../../Engine/Content/Functions/Engine_MaterialFunctions01/AlphaBlend/WorldAlignedBlend.uasset" 66
"../../../Engine/Content/Functions/Engine_MaterialFunctions01/Shading/FuzzyShading.uasset" 67
"../../../Engine/Content/Functions/Engine_MaterialFunctions02/Utility/VectorLength.uasset" 68
"../../../../../../Users/glsha/Desktop/Unreal Engine/Repositories/S13_Xordia/Content/Megascans/Master_Materials/noise_mask.uasset" 69
"../../../../../../Users/glsha/Desktop/Unreal Engine/Repositories/S13_Xordia/Content/Megascans/Master_Materials/noise_normal.uasset" 70
"../../../../../../Users/glsha/Desktop/Unreal Engine/Repositories/S13_Xordia/Content/Megascans/Master_Materials/SurfaceBlend_MasterMaterial.uasset" 71
"../../../../../../Users/glsha/Desktop/Unreal Engine/Repositories/S13_Xordia/Content/Fonts/Quicksand-Bold.uasset" 72
"../../../../../../Users/glsha/Desktop/Unreal Engine/Repositories/S13_Xordia/Content/UI/BahnschriftFont.uasset" 73
"../../../../../../Users/glsha/Desktop/Unreal Engine/Repositories/S13_Xordia/Content/ButtonSprite.uasset" 74
"../../../../../../Users/glsha/Desktop/Unreal Engine/Repositories/S13_Xordia/Content/UI/LoadingScreen_WBP.uasset" 75
"../../../../../../Users/glsha/Desktop/Unreal Engine/Repositories/S13_Xordia/Content/UI/Longer_Splash.uasset" 76
"../../../../../../Users/glsha/Desktop/Unreal Engine/Repositories/S13_Xordia/Content/UI/Hysteris.uasset" 77
"../../../../../../Users/glsha/Desktop/Unreal Engine/Repositories/S13_Xordia/Content/UI/InGame/WhiteCircle.uasset" 78
"../../../../../../Users/glsha/Desktop/Unreal Engine/Repositories/S13_Xordia/Content/UI/MainMenu_WBP.uasset" 79
"../../../../../../Users/glsha/Desktop/Unreal Engine/Repositories/S13_Xordia/Content/UI/PlayerTab_WBP.uasset" 80
"../../../../../../Users/glsha/Desktop/Unreal Engine/Repositories/S13_Xordia/Content/UI/Splash.uasset" 81
"../../../../../../Users/glsha/Desktop/Unreal Engine/Repositories/S13_Xordia/Content/UI/Hitmarker.uasset" 82
"../../../../../../Users/glsha/Desktop/Unreal Engine/Repositories/S13_Xordia/Content/UI/Vignette.uasset" 83
"../../../../../../Users/glsha/Desktop/Unreal Engine/Repositories/S13_Xordia/Content/UI/InGame/InGameHUD_WBP.uasset" 84
"../../../../../../Users/glsha/Desktop/Unreal Engine/Repositories/S13_Xordia/Content/UI/InGame/VotekickMenu_WBP.uasset" 85
"../../../../../../Users/glsha/Desktop/Unreal Engine/Repositories/S13_Xordia/Content/UI/InGame/PauseMenu_WBP.uasset" 86
"../../../../../../Users/glsha/Desktop/Unreal Engine/Repositories/S13_Xordia/Content/UI/InGame/ChatUI/ChatDisplayTab_WBP.uasset" 87
"../../../../../../Users/glsha/Desktop/Unreal Engine/Repositories/S13_Xordia/Content/UI/InGame/ChatUI/ChatDisplay_WBP.uasset" 88
"../../../../../../Users/glsha/Desktop/Unreal Engine/Repositories/S13_Xordia/Content/UI/InGame/ChatUI/ChatTab_WBP.uasset" 89
"../../../../../../Users/glsha/Desktop/Unreal Engine/Repositories/S13_Xordia/Content/UI/InGame/StatsMenuUI/StatsMenu_WBP.uasset" 90
"../../../../../../Users/glsha/Desktop/Unreal Engine/Repositories/S13_Xordia/Content/UI/InGame/StatsMenuUI/StatsTab_WBP.uasset" 91
"../../../../../../Users/glsha/Desktop/Unreal Engine/Repositories/S13_Xordia/Content/UI/Lobby/LobbyHud_WBP.uasset" 92
"../../../../../../Users/glsha/Desktop/Unreal Engine/Repositories/S13_Xordia/Content/UI/Lobby/ServerStatus_WBP.uasset" 93
"../../../../../../Users/glsha/Desktop/Unreal Engine/Repositories/S13_Xordia/Content/UI/Selector/ListEntryWidget.uasset" 94
"../../../Engine/Content/Animation/DefaultAnimCurveCompressionSettings.uasset" 95
"../../../Engine/Content/ArtTools/RenderToTexture/Meshes/S_1_Unit_Plane.uasset" 96
"../../../Engine/Content/EngineMaterials/DefaultMaterial.uasset" 97
"../../../Engine/Content/BasicShapes/Cone.uasset" 98
"../../../Engine/Content/BasicShapes/Cylinder.uasset" 99
"../../../Engine/Content/BasicShapes/Plane.uasset" 100
"../../../Engine/Content/BasicShapes/Sphere.uasset" 101
"../../../Engine/Content/EditorLandscapeResources/DataLayer.uasset" 102
"../../../Engine/Content/EditorMaterials/GizmoMaterial.uasset" 103
"../../../Engine/Content/EditorMaterials/MAT_Groups_Toggle.uasset" 104
"../../../Engine/Content/EditorMaterials/MAT_Groups_Visibility.uasset" 105
"../../../Engine/Content/EditorMaterials/PreviewShadowIndicator.uasset" 106
"../../../Engine/Content/EditorMaterials/PreviewShadowIndicatorMaterial.uasset" 107
"../../../Engine/Content/EditorMaterials/MatineeGroups/MAT_ColorTrack.uasset" 108
"../../../Engine/Content/EditorMaterials/MatineeGroups/MAT_Groups_Anim.uasset" 109
"../../../Engine/Content/EditorMaterials/MatineeGroups/MAT_Groups_AudioMaster.uasset" 110
"../../../Engine/Content/EditorMaterials/MatineeGroups/MAT_Groups_Director.uasset" 111
"../../../Engine/Content/EditorMaterials/MatineeGroups/MAT_Groups_Event.uasset" 112
"../../../Engine/Content/EditorMaterials/MatineeGroups/MAT_Groups_Fade.uasset" 113
"../../../Engine/Content/EditorMaterials/MatineeGroups/MAT_Groups_Float.uasset" 114
"../../../Engine/Content/EditorMaterials/MatineeGroups/MAT_Groups_Move.uasset" 115
"../../../Engine/Content/EditorMaterials/MatineeGroups/MAT_Groups_Slomo.uasset" 116
"../../../Engine/Content/EditorMaterials/MatineeGroups/MAT_Groups_Sound.uasset" 117
"../../../Engine/Content/EditorMaterials/MatineeGroups/MAT_Groups_Vector.uasset" 118
"../../../Engine/Content/EditorMaterials/ParticleSystems/PSysThumbnail_NoImage.uasset" 119
"../../../Engine/Content/EditorMaterials/ParticleSystems/PSysThumbnail_OOD.uasset" 120
"../../../Engine/Content/EditorMaterials/Camera/CineMat.uasset" 121
"../../../Engine/Content/EditorMaterials/Camera/MI_CineMat_Rig.uasset" 122
"../../../Engine/Content/EditorMeshes/Camera/SM_CraneRig_Arm.uasset" 123
"../../../Engine/Content/EditorMeshes/Camera/SM_CraneRig_Base.uasset" 124
"../../../Engine/Content/EditorMeshes/Camera/SM_CraneRig_Body.uasset" 125
"../../../Engine/Content/EditorMeshes/Camera/SM_CraneRig_Mount.uasset" 126
"../../../Engine/Content/EditorMeshes/Camera/SM_RailRig_Mount.uasset" 127
"../../../Engine/Content/EditorMeshes/Camera/SM_RailRig_Track.uasset" 128
"../../../Engine/Content/EditorResources/BSPVertex.uasset" 129
"../../../Engine/Content/EditorResources/EmptyActor.uasset" 130
"../../../Engine/Content/EditorResources/S_Actor.uasset" 131
"../../../Engine/Content/EditorResources/S_Note.uasset" 132
"../../../Engine/Content/EditorResources/S_Trigger.uasset" 133
"../../../Engine/Content/EditorResources/LightIcons/S_LightError.uasset" 134
"../../../Engine/Content/EditorResources/SequenceRecorder/Countdown.uasset" 135
"../../../Engine/Content/EditorResources/SequenceRecorder/RecordingIndicator.uasset" 136
"../../../Engine/Content/EditorSounds/Notifications/CompileFailed.uasset" 137
"../../../Engine/Content/EditorSounds/Notifications/CompileFailed_Cue.uasset" 138
"../../../Engine/Content/EditorSounds/Notifications/CompileSuccess.uasset" 139
"../../../Engine/Content/EditorSounds/Notifications/CompileStart_Cue.uasset" 140
"../../../Engine/Content/EditorSounds/Notifications/CompileSuccess_Cue.uasset" 141
"../../../Engine/Content/EngineDamageTypes/DmgTypeBP_Environmental.uasset" 142
"../../../Engine/Content/EngineDebugMaterials/HeatmapGradient.uasset" 143
"../../../Engine/Content/EngineDebugMaterials/BoneWeightMaterial.uasset" 144
"../../../Engine/Content/EngineDebugMaterials/ClothMaterial.uasset" 145
"../../../Engine/Content/EngineDebugMaterials/ClothMaterial_WF.uasset" 146
"../../../Engine/Content/EngineDebugMaterials/DebugEditorMaterial.uasset" 147
"../../../Engine/Content/EngineDebugMaterials/DebugMeshMaterial.uasset" 148
"../../../Engine/Content/EngineDebugMaterials/GeomMaterial.uasset" 149
"../../../Engine/Content/EngineDebugMaterials/M_SimpleTranslucent.uasset" 150
"../../../Engine/Content/EngineFonts/Faces/RobotoBold.uasset" 151
"../../../Engine/Content/EngineFonts/Faces/RobotoBoldItalic.uasset" 152
"../../../Engine/Content/EngineFonts/Faces/RobotoItalic.uasset" 153
"../../../Engine/Content/EngineFonts/Faces/RobotoLight.uasset" 154
"../../../Engine/Content/EngineFonts/Faces/RobotoRegular.uasset" 155
"../../../Engine/Content/EngineFonts/Roboto.uasset" 156
"../../../Engine/Content/EngineFonts/Faces/RobotoTiny.uasset" 157
"../../../Engine/Content/EngineFonts/RobotoTiny.uasset" 158
"../../../Engine/Content/EngineMaterials/BaseFlattenDiffuseMap.uasset" 159
"../../../Engine/Content/EngineMaterials/BaseFlattenEmissiveMap.uasset" 160
"../../../Engine/Content/EngineMaterials/BaseFlattenGrayscaleMap.uasset" 161
"../../../Engine/Content/EngineMaterials/BaseFlattenNormalMap.uasset" 162
"../../../Engine/Content/EngineMaterials/BaseFlattenMaterial.uasset" 163
"../../../Engine/Content/EngineMaterials/DefaultBloomKernel.uasset" 164
"../../../Engine/Content/EngineMaterials/DefaultBokeh.uasset" 165
"../../../Engine/Content/EngineMaterials/DefaultDeferredDecalMaterial.uasset" 166
"../../../Engine/Content/EngineMaterials/DefaultLightFunctionMaterial.uasset" 167
"../../../Engine/Content/EngineMaterials/DefaultPhysicalMaterial.uasset" 168
"../../../Engine/Content/Functions/Engine_MaterialFunctions02/Utility/BreakOutFloat2Components.uasset" 169
"../../../Engine/Content/EngineMaterials/DefaultPostProcessMaterial.uasset" 170
"../../../Engine/Content/EngineFonts/RobotoDistanceField.uasset" 171
"../../../Engine/Content/EngineMaterials/DefaultTextMaterialOpaque.uasset" 172
"../../../Engine/Content/EngineMaterials/EditorBrushMaterial.uasset" 173
"../../../Engine/Content/EngineMaterials/Good64x64TilingNoiseHighFreq.uasset" 174
"../../../Engine/Content/EngineMaterials/MiniFont.uasset" 175
"../../../Engine/Content/EngineMaterials/InvalidLightmapSettings.uasset" 176
"../../../Engine/Content/EngineMaterials/M_InvalidLightmapSettings.uasset" 177
"../../../Engine/Content/Functions/Engine_MaterialFunctions02/WorldPositionOffset/CameraOffset.uasset" 178
"../../../Engine/Content/EngineMaterials/PhAT_JointLimitMaterial.uasset" 179
"../../../Engine/Content/EngineMaterials/PreintegratedSkinBRDF.uasset" 180
"../../../Engine/Content/EngineMaterials/RemoveSurfaceMaterial.uasset" 181
"../../../Engine/Content/EngineMaterials/WeightMapPlaceholderTexture.uasset" 182
"../../../Engine/Content/EngineResources/WhiteSquareTexture.uasset" 183
"../../../Engine/Content/EngineMaterials/Widget3DPassThrough.uasset" 184
"../../../Engine/Content/EngineMaterials/Widget3DPassThrough_Masked.uasset" 185
"../../../Engine/Content/EngineMaterials/Widget3DPassThrough_Opaque.uasset" 186
"../../../Engine/Content/EngineMaterials/Widget3DPassThrough_Masked_OneSided.uasset" 187
"../../../Engine/Content/EngineMaterials/Widget3DPassThrough_Opaque_OneSided.uasset" 188
"../../../Engine/Content/EngineMaterials/Widget3DPassThrough_Translucent.uasset" 189
"../../../Engine/Content/EngineMaterials/Widget3DPassThrough_Translucent_OneSided.uasset" 190
"../../../Engine/Content/EngineMeshes/Cylinder.uasset" 191
"../../../Engine/Content/EngineMeshes/Sphere.uasset" 192
"../../../Engine/Content/EngineResources/Black.uasset" 193
"../../../Engine/Content/EngineResources/DefaultTexture.uasset" 194
"../../../Engine/Content/EngineResources/DefaultTextureCube.uasset" 195
"../../../Engine/Content/EngineResources/DefaultVolumeTexture2D.uasset" 196
"../../../Engine/Content/EngineResources/DefaultVolumeTexture.uasset" 197
"../../../Engine/Content/EngineResources/GradientTexture0.uasset" 198
"../../../Engine/Content/EngineSounds/Master.uasset" 199
"../../../Engine/Content/Functions/Engine_MaterialFunctions01/Shading/ConvertFromDiffSpec.uasset" 200
"../../../Engine/Content/Functions/Engine_MaterialFunctions01/Shading/PowerToRoughness.uasset" 201
"../../../Engine/Content/Maps/Templates/Thumbnails/Default.uasset" 202
"../../../Engine/Content/Maps/Templates/Thumbnails/VR-Basic.uasset" 203
"../../../Engine/Content/MobileResources/T_MobileControls_texture.uasset" 204
"../../../Engine/Content/MobileResources/T_MobileMenu2.uasset" 205
"../../../Engine/Content/MobileResources/HUD/AnalogHat.uasset" 206
"../../../Engine/Content/MobileResources/HUD/VirtualJoystick_Background.uasset" 207
"../../../Engine/Content/MobileResources/HUD/VirtualJoystick_Thumb.uasset" 208
"../../../Engine/Content/MobileResources/HUD/DefaultVirtualJoysticks.uasset" 209
"../../../Engine/Content/MobileResources/HUD/LeftVirtualJoystickOnly.uasset" 210
"../../../Engine/Content/MobileResources/HUD/MobileHUDButton1_off.uasset" 211
"../../../Engine/Content/MobileResources/HUD/MobileHUDButton1_on.uasset" 212
"../../../Engine/Content/MobileResources/HUD/MobileHUDButton2_off.uasset" 213
"../../../Engine/Content/MobileResources/HUD/MobileHUDButton2_on.uasset" 214
"../../../Engine/Content/MobileResources/HUD/MobileHUDButton3.uasset" 215
"../../../Engine/Content/MobileResources/HUD/MobileHUDButtonFire.uasset" 216
"../../../Engine/Content/MobileResources/HUD/MobileHUDDirectionPad.uasset" 217
"../../../Engine/Content/MobileResources/HUD/MobileHUDDirectionPad2.uasset" 218
"../../../Engine/Content/MobileResources/HUD/MobileHUDDirectionPad3.uasset" 219
"../../../Engine/Content/MobileResources/HUD/MobileHUDDirectionStick.uasset" 220
"../../../Engine/Content/MobileResources/HUD/T_Castle_ThumbstickInner.uasset" 221
"../../../Engine/Content/MobileResources/HUD/T_Castle_ThumbstickOutter.uasset" 222
"../../../Engine/Content/Tutorial/ContentIntroCurve.uasset" 223
"../../../Engine/Content/Tutorial/Basics/LevelEditorAttract.uasset" 224
"../../../Engine/Content/VREditor/LaserPointer/VR_LaserPower_01.uasset" 225
"../../../Engine/Content/VREditor/TransformGizmo/TransformGizmoMaterial.uasset" 226
"../../../Engine/Content/VREditor/TransformGizmo/TranslucentTransformGizmoMaterial.uasset" 227
"../../../Engine/Content/VREditor/TransformGizmo/BoundingBoxCorner.uasset" 228
"../../../Engine/Content/VREditor/TransformGizmo/BoundingBoxEdge.uasset" 229
"../../../Engine/Content/VREditor/TransformGizmo/PlaneTranslationHandle.uasset" 230
"../../../Engine/Content/VREditor/TransformGizmo/Main.uasset" 231
"../../../Engine/Content/VREditor/TransformGizmo/Xray.uasset" 232
"../../../Engine/Content/VREditor/TransformGizmo/SM_Sequencer_Key.uasset" 233
"../../../Engine/Content/VREditor/TransformGizmo/SM_Sequencer_Node.uasset" 234
"../../Plugins/2D/Paper2D/Content/PlaceholderTextures/DummySpriteTexture.uasset" 235
"../../Plugins/2D/Paper2D/Content/DummySprite.uasset" 236
"../../Plugins/2D/Paper2D/Content/DefaultPaperTerrainMaterial.uasset" 237
"../../Plugins/2D/Paper2D/Content/DummySpriteTexture.uasset" 238
"../../Plugins/2D/Paper2D/Content/DefaultSpriteMaterial.uasset" 239
"../../Plugins/2D/Paper2D/Content/MaskedUnlitSpriteMaterial.uasset" 240
"../../Plugins/2D/Paper2D/Content/OpaqueUnlitSpriteMaterial.uasset" 241
"../../Plugins/Runtime/Oculus/OculusVR/Content/OculusMR_RenderTarget.uasset" 242
"../../../Engine/Content/Functions/Engine_MaterialFunctions02/Utility/BreakOutFloat4Components.uasset" 243
"../../../Engine/Content/Functions/Engine_MaterialFunctions02/Utility/MakeFloat3.uasset" 244
"../../Plugins/Runtime/Oculus/OculusVR/Content/Materials/OculusMR_ChromaKey.uasset" 245
"../../Plugins/Runtime/Oculus/OculusVR/Content/Materials/OculusMR_ChromaKey_Lit.uasset" 246
"../../Plugins/Runtime/Oculus/OculusVR/Content/Materials/OculusMR_OpaqueColoredMaterial.uasset" 247
"../../Plugins/Runtime/Oculus/OculusVR/Content/Materials/OculusMR_WhiteMaterial.uasset" 248
"../../Plugins/Runtime/Oculus/OculusVR/Content/Materials/PokeAHoleMaterial.uasset" 249
"../../Plugins/Runtime/Oculus/OculusVR/Content/Textures/GearVRController_AO.uasset" 250
"../../Plugins/Runtime/Oculus/OculusVR/Content/Textures/GearVRController_Color.uasset" 251
"../../Plugins/Runtime/Oculus/OculusVR/Content/Textures/GearVRController_Normal.uasset" 252
"../../Plugins/Runtime/Oculus/OculusVR/Content/Materials/GearVRControllerMaterial.uasset" 253
"../../Plugins/Runtime/Oculus/OculusVR/Content/Meshes/GearVrController.uasset" 254
"../../Plugins/Runtime/Oculus/OculusVR/Content/Textures/touchController_albedo.uasset" 255
"../../Plugins/Runtime/Oculus/OculusVR/Content/Textures/touchController_controlmap.uasset" 256
"../../Plugins/Runtime/Oculus/OculusVR/Content/Materials/touchController_mat.uasset" 257
"../../Plugins/Runtime/Oculus/OculusVR/Content/Meshes/LeftTouchController.uasset" 258
"../../Plugins/Runtime/Oculus/OculusVR/Content/Meshes/RiftHMD.uasset" 259
"../../Plugins/Runtime/Oculus/OculusVR/Content/Meshes/RightTouchController.uasset" 260
"../../Plugins/Runtime/WebBrowserWidget/Content/WebTexture_T.uasset" 261
"../../Plugins/Runtime/WebBrowserWidget/Content/WebTexture_M.uasset" 262
"../../Plugins/Runtime/WebBrowserWidget/Content/WebTexture_TM.uasset" 263
"../../../../../../Users/glsha/Desktop/Unreal Engine/Repositories/S13_Xordia/Content/Blueprints/BuilderPawn_BP.uasset" 264
"../../../../../../Users/glsha/Desktop/Unreal Engine/Repositories/S13_Xordia/Content/UI/ItemData_BP.uasset" 265
"../../../Engine/Content/EditorBlueprintResources/StandardMacros.uasset" 266
"../../../../../../Users/glsha/Desktop/Unreal Engine/Repositories/S13_Xordia/Content/UI/Tab/GlitchParticle.uasset" 267
"../../../../../../Users/glsha/Desktop/Unreal Engine/Repositories/S13_Xordia/Content/UI/Selector/ItemTab_WBP.uasset" 268
"../../../../../../Users/glsha/Desktop/Unreal Engine/Repositories/S13_Xordia/Content/UI/Menu_WBP.uasset" 269
"../../../../../../Users/glsha/Desktop/Unreal Engine/Repositories/S13_Xordia/Content/Blueprints/GamePlayerController_BP.uasset" 270
"../../../../../../Users/glsha/Desktop/Unreal Engine/Repositories/S13_Xordia/Content/Blueprints/LobbyGameMode_BP.uasset" 271
"../../../../../../Users/glsha/Desktop/Unreal Engine/Repositories/S13_Xordia/Content/Levels/Lobby_BuiltData.uasset" 272
"../../../../../../Users/glsha/Desktop/Unreal Engine/Repositories/S13_Xordia/Content/Megascans/Master_Materials/Standard_MasterMaterial.uasset" 273
"../../../../../../Users/glsha/Desktop/Unreal Engine/Repositories/S13_Xordia/Content/Megascans/Surface/Sand/SandAlbedo.uasset" 274
"../../../../../../Users/glsha/Desktop/Unreal Engine/Repositories/S13_Xordia/Content/Megascans/Surface/Sand/SandDisplacement.uasset" 275
"../../../../../../Users/glsha/Desktop/Unreal Engine/Repositories/S13_Xordia/Content/Megascans/Surface/Sand/SandNormal.uasset" 276
"../../../../../../Users/glsha/Desktop/Unreal Engine/Repositories/S13_Xordia/Content/Megascans/Surface/Sand/SandRoughness.uasset" 277
"../../../../../../Users/glsha/Desktop/Unreal Engine/Repositories/S13_Xordia/Content/Megascans/Surface/Sand/Sand.uasset" 278
"../../../../../../Users/glsha/Desktop/Unreal Engine/Repositories/S13_Xordia/Content/Megascans/Surface/Slate/SlateAlbeda.uasset" 279
"../../../../../../Users/glsha/Desktop/Unreal Engine/Repositories/S13_Xordia/Content/Megascans/Surface/Slate/SlateDisplacement.uasset" 280
"../../../../../../Users/glsha/Desktop/Unreal Engine/Repositories/S13_Xordia/Content/Megascans/Surface/Slate/SlateNormal.uasset" 281
"../../../../../../Users/glsha/Desktop/Unreal Engine/Repositories/S13_Xordia/Content/Megascans/Surface/Slate/SlateRoughness.uasset" 282
"../../../../../../Users/glsha/Desktop/Unreal Engine/Repositories/S13_Xordia/Content/Megascans/Surface/Slate/Slate.uasset" 283
"../../../../../../Users/glsha/Desktop/Unreal Engine/Repositories/S13_Xordia/Content/Cave.uasset" 284
"../../../../../../Users/glsha/Desktop/Unreal Engine/Repositories/S13_Xordia/Content/Levels/Lobby.umap" 285
"../../../../../../Users/glsha/Desktop/Unreal Engine/Repositories/S13_Xordia/Content/Blueprints/RotatingCamera_BP.uasset" 286
"../../../../../../Users/glsha/Desktop/Unreal Engine/Repositories/S13_Xordia/Content/Blueprints/MainMenuGamemode.uasset" 287
"../../../../../../Users/glsha/Desktop/Unreal Engine/Repositories/S13_Xordia/Content/Levels/MainMenu_BuiltData.uasset" 288
"../../../Engine/Content/BasicShapes/BasicShapeMaterial.uasset" 289
"../../../Engine/Content/BasicShapes/Cube.uasset" 290
"../../../../../../Users/glsha/Desktop/Unreal Engine/Repositories/S13_Xordia/Content/Levels/MainMenu.umap" 291
"../../../../../../Users/glsha/Desktop/Unreal Engine/Repositories/S13_Xordia/Content/Blueprints/TransitionMapGamemode.uasset" 292
"../../../../../../Users/glsha/Desktop/Unreal Engine/Repositories/S13_Xordia/Content/Levels/TransitionMap.umap" 293
"../../../../../../Users/glsha/Desktop/Unreal Engine/Repositories/S13_Xordia/Content/Blueprints/ActiveGameState_BP.uasset" 294
"../../../../../../Users/glsha/Desktop/Unreal Engine/Repositories/S13_Xordia/Content/Blueprints/ActiveGameMode_BP.uasset" 295
"../../../../../../Users/glsha/Desktop/Unreal Engine/Repositories/S13_Xordia/Content/Blueprints/Cube.uasset" 296
"../../../../../../Users/glsha/Desktop/Unreal Engine/Repositories/S13_Xordia/Content/Levels/Maps/Level1_BuiltData.uasset" 297
"../../../Engine/Content/Functions/Engine_MaterialFunctions02/WorldPositionOffset/ObjectScale.uasset" 298
"../../../../../../Users/glsha/Desktop/Unreal Engine/Repositories/S13_Xordia/Content/Levels/Geometry/BlueprintSeamless.uasset" 299
"../../../../../../Users/glsha/Desktop/Unreal Engine/Repositories/S13_Xordia/Content/Levels/Geometry/BlueprintMaterial.uasset" 300
"../../../../../../Users/glsha/Desktop/Unreal Engine/Repositories/S13_Xordia/Content/Levels/Geometry/BlueprintMaterial_Inst.uasset" 301
"../../../../../../Users/glsha/Desktop/Unreal Engine/Repositories/S13_Xordia/Content/Levels/Geometry/Orange.uasset" 302
"../../../../../../Users/glsha/Desktop/Unreal Engine/Repositories/S13_Xordia/Content/Levels/Geometry/Connector3.uasset" 303
"../../../../../../Users/glsha/Desktop/Unreal Engine/Repositories/S13_Xordia/Content/Levels/Geometry/Meshes/RampMaterial.uasset" 304
"../../../../../../Users/glsha/Desktop/Unreal Engine/Repositories/S13_Xordia/Content/Levels/Geometry/Meshes/Bump_StaticMesh.uasset" 305
"../../../../../../Users/glsha/Desktop/Unreal Engine/Repositories/S13_Xordia/Content/Levels/Maps/Level1.umap" 306
"../../../../../../Users/glsha/Desktop/Unreal Engine/Repositories/S13_Xordia/Content/Levels/Maps/Level2_BuiltData.uasset" 307
"../../../../../../Users/glsha/Desktop/Unreal Engine/Repositories/S13_Xordia/Content/Levels/Geometry/Meshes/1M_Cube_Chamfer.uasset" 308
"../../../../../../Users/glsha/Desktop/Unreal Engine/Repositories/S13_Xordia/Content/Levels/Geometry/Meshes/LeftArm_StaticMesh.uasset" 309
"../../../../../../Users/glsha/Desktop/Unreal Engine/Repositories/S13_Xordia/Content/Levels/Geometry/Meshes/Linear_Stair_StaticMesh.uasset" 310
"../../../../../../Users/glsha/Desktop/Unreal Engine/Repositories/S13_Xordia/Content/Levels/Geometry/Meshes/Ramp_StaticMesh.uasset" 311
"../../../../../../Users/glsha/Desktop/Unreal Engine/Repositories/S13_Xordia/Content/Levels/Geometry/Meshes/RightArm_StaticMesh.uasset" 312
"../../../../../../Users/glsha/Desktop/Unreal Engine/Repositories/S13_Xordia/Content/Levels/Maps/Level2.umap" 313
"../../../../../../Users/glsha/Desktop/Unreal Engine/Repositories/S13_Xordia/Content/Levels/Maps/Level3_BuiltData.uasset" 314
"../../../../../../Users/glsha/Desktop/Unreal Engine/Repositories/S13_Xordia/Content/Levels/Maps/Level3.umap" 315
"../../../Engine/Content/Maps/Entry_BuiltData.uasset" 316
"../../../Engine/Content/Maps/Entry.umap" 317
